2017-12-16 02:35:17,199, DEBUG, Start reading formatted input
2017-12-16 02:35:18,503, DEBUG, End reading formatted input
------------------------------------------------------------------------
2017-12-16 02:35:18,503, DEBUG, Start RNN training master
2017-12-16 02:35:20,054, DEBUG, exp id, 0, Start RNN worker
2017-12-16 02:35:20,091, DEBUG, exp id, 1, Start RNN worker
2017-12-16 02:35:20,116, DEBUG, exp id, 2, Start RNN worker
2017-12-16 02:35:20,154, DEBUG, exp id, 3, Start RNN worker
2017-12-16 02:35:20,183, DEBUG, exp id, 4, Start RNN worker
2017-12-16 02:35:20,221, DEBUG, exp id, 5, Start RNN worker
2017-12-16 02:35:20,250, DEBUG, exp id, 6, Start RNN worker
2017-12-16 02:35:20,281, DEBUG, exp id, 7, Start RNN worker
2017-12-16 02:35:20,347, DEBUG, exp id, 8, Start RNN worker
2017-12-16 02:35:20,383, DEBUG, exp id, 9, Start RNN worker
2017-12-16 02:36:03,765, DEBUG, exp id, 3, Step, 1, Minibatch Loss, 3.08746, Training Accuracy, 0.30469
2017-12-16 02:36:04,801, DEBUG, exp id, 5, Step, 1, Minibatch Loss, 2.65649, Training Accuracy, 0.38281
2017-12-16 02:36:04,861, DEBUG, exp id, 9, Step, 1, Minibatch Loss, 3.07026, Training Accuracy, 0.26562
2017-12-16 02:36:05,379, DEBUG, exp id, 8, Step, 1, Minibatch Loss, 3.07731, Training Accuracy, 0.22852
2017-12-16 02:36:05,556, DEBUG, exp id, 4, Step, 1, Minibatch Loss, 3.19099, Training Accuracy, 0.19531
2017-12-16 02:36:05,672, DEBUG, exp id, 2, Step, 1, Minibatch Loss, 3.86003, Training Accuracy, 0.20703
2017-12-16 02:36:05,796, DEBUG, exp id, 1, Step, 1, Minibatch Loss, 2.42095, Training Accuracy, 0.35547
2017-12-16 02:36:05,975, DEBUG, exp id, 6, Step, 1, Minibatch Loss, 2.87962, Training Accuracy, 0.32812
2017-12-16 02:36:06,002, DEBUG, exp id, 7, Step, 1, Minibatch Loss, 3.69412, Training Accuracy, 0.28125
2017-12-16 02:36:06,062, DEBUG, exp id, 0, Step, 1, Minibatch Loss, 4.67373, Training Accuracy, 0.13281
2017-12-16 02:36:12,824, DEBUG, exp id, 3, Step, 50, Minibatch Loss, 0.80090, Training Accuracy, 0.69531
